c:\users\trisha\source\repos\heransomeware\heransomeware\debug\heransomware.pch
c:\users\trisha\source\repos\heransomeware\heransomeware\debug\vc141.pdb
c:\users\trisha\source\repos\heransomeware\heransomeware\debug\vc141.idb
c:\users\trisha\source\repos\heransomeware\heransomeware\debug\stdafx.obj
c:\users\trisha\source\repos\heransomeware\heransomeware\debug\heransomware.obj
c:\users\trisha\source\repos\heransomeware\debug\heransomware.ilk
c:\users\trisha\source\repos\heransomeware\debug\heransomware.exe
c:\users\trisha\source\repos\heransomeware\debug\heransomware.pdb
c:\users\trisha\source\repos\heransomeware\heransomeware\debug\heransomeware.res
c:\users\trisha\source\repos\heransomeware\heransomeware\debug\heransomeware.obj
c:\users\trisha\source\repos\heransomeware\heransomeware\debug\heransomeware.pch
c:\users\trisha\source\repos\heransomeware\heransomeware\debug\heransomware.tlog\cl.command.1.tlog
c:\users\trisha\source\repos\heransomeware\heransomeware\debug\heransomware.tlog\cl.read.1.tlog
c:\users\trisha\source\repos\heransomeware\heransomeware\debug\heransomware.tlog\cl.write.1.tlog
c:\users\trisha\source\repos\heransomeware\heransomeware\debug\heransomware.tlog\link.command.1.tlog
c:\users\trisha\source\repos\heransomeware\heransomeware\debug\heransomware.tlog\link.read.1.tlog
c:\users\trisha\source\repos\heransomeware\heransomeware\debug\heransomware.tlog\link.write.1.tlog
c:\users\trisha\source\repos\heransomeware\heransomeware\debug\heransomware.tlog\rc.command.1.tlog
c:\users\trisha\source\repos\heransomeware\heransomeware\debug\heransomware.tlog\rc.read.1.tlog
c:\users\trisha\source\repos\heransomeware\heransomeware\debug\heransomware.tlog\rc.write.1.tlog
